{"D:\\asah\\Menjadi React Web Developer Expert\\project-subsmission\\src\\components\\comment\\CommentForm.jsx": {"path":"D:\\asah\\Menjadi React Web Developer Expert\\project-subsmission\\src\\components\\comment\\CommentForm.jsx","statementMap":{"0":{"start":{"line":8,"column":20},"end":{"line":91,"column":null}},"1":{"start":{"line":9,"column":8},"end":{"line":9,"column":null}},"2":{"start":{"line":10,"column":18},"end":{"line":10,"column":null}},"3":{"start":{"line":10,"column":45},"end":{"line":10,"column":59}},"4":{"start":{"line":11,"column":15},"end":{"line":11,"column":null}},"5":{"start":{"line":11,"column":42},"end":{"line":11,"column":52}},"6":{"start":{"line":20,"column":2},"end":{"line":22,"column":null}},"7":{"start":{"line":24,"column":18},"end":{"line":24,"column":null}},"8":{"start":{"line":26,"column":19},"end":{"line":43,"column":null}},"9":{"start":{"line":27,"column":4},"end":{"line":30,"column":null}},"10":{"start":{"line":28,"column":6},"end":{"line":28,"column":null}},"11":{"start":{"line":29,"column":6},"end":{"line":29,"column":null}},"12":{"start":{"line":32,"column":4},"end":{"line":42,"column":null}},"13":{"start":{"line":33,"column":6},"end":{"line":33,"column":null}},"14":{"start":{"line":34,"column":6},"end":{"line":34,"column":null}},"15":{"start":{"line":35,"column":6},"end":{"line":35,"column":null}},"16":{"start":{"line":37,"column":6},"end":{"line":40,"column":null}},"17":{"start":{"line":41,"column":6},"end":{"line":41,"column":null}},"18":{"start":{"line":45,"column":2},"end":{"line":89,"column":null}},"19":{"start":{"line":93,"column":0},"end":{"line":95,"column":null}}},"fnMap":{"0":{"name":"(anonymous_0)","decl":{"start":{"line":8,"column":20},"end":{"line":8,"column":21}},"loc":{"start":{"line":8,"column":38},"end":{"line":91,"column":null}},"line":8},"1":{"name":"(anonymous_1)","decl":{"start":{"line":10,"column":34},"end":{"line":10,"column":35}},"loc":{"start":{"line":10,"column":45},"end":{"line":10,"column":59}},"line":10},"2":{"name":"(anonymous_2)","decl":{"start":{"line":11,"column":31},"end":{"line":11,"column":32}},"loc":{"start":{"line":11,"column":42},"end":{"line":11,"column":52}},"line":11},"3":{"name":"(anonymous_3)","decl":{"start":{"line":26,"column":19},"end":{"line":26,"column":26}},"loc":{"start":{"line":26,"column":35},"end":{"line":43,"column":null}},"line":26}},"branchMap":{"0":{"loc":{"start":{"line":27,"column":4},"end":{"line":30,"column":null}},"type":"if","locations":[{"start":{"line":27,"column":4},"end":{"line":30,"column":null}},{"start":{},"end":{}}],"line":27},"1":{"loc":{"start":{"line":56,"column":12},"end":{"line":56,"column":null}},"type":"cond-expr","locations":[{"start":{"line":56,"column":29},"end":{"line":56,"column":48}},{"start":{"line":56,"column":48},"end":{"line":56,"column":null}}],"line":56},"2":{"loc":{"start":{"line":64,"column":9},"end":{"line":71,"column":null}},"type":"binary-expr","locations":[{"start":{"line":64,"column":9},"end":{"line":64,"column":null}},{"start":{"line":65,"column":10},"end":{"line":71,"column":null}}],"line":64},"3":{"loc":{"start":{"line":73,"column":9},"end":{"line":73,"column":null}},"type":"binary-expr","locations":[{"start":{"line":73,"column":9},"end":{"line":73,"column":27}},{"start":{"line":73,"column":27},"end":{"line":73,"column":null}}],"line":73},"4":{"loc":{"start":{"line":75,"column":11},"end":{"line":75,"column":null}},"type":"cond-expr","locations":[{"start":{"line":75,"column":32},"end":{"line":75,"column":63}},{"start":{"line":75,"column":63},"end":{"line":75,"column":null}}],"line":75},"5":{"loc":{"start":{"line":84,"column":20},"end":{"line":84,"column":null}},"type":"binary-expr","locations":[{"start":{"line":84,"column":20},"end":{"line":84,"column":39}},{"start":{"line":84,"column":39},"end":{"line":84,"column":68}},{"start":{"line":84,"column":68},"end":{"line":84,"column":null}}],"line":84}},"s":{"0":1,"1":18,"2":18,"3":20,"4":18,"5":20,"6":18,"7":18,"8":18,"9":1,"10":0,"11":0,"12":1,"13":1,"14":0,"15":0,"16":1,"17":1,"18":18,"19":1},"f":{"0":18,"1":20,"2":20,"3":1},"b":{"0":[0,1],"1":[1,17],"2":[18,2],"3":[18,1],"4":[14,4],"5":[18,14,12]},"meta":{"lastBranch":6,"lastFunction":4,"lastStatement":20,"seen":{"s:8:20:91:Infinity":0,"f:8:20:8:21":0,"s:9:8:9:Infinity":1,"s:10:18:10:Infinity":2,"f:10:34:10:35":1,"s:10:45:10:59":3,"s:11:15:11:Infinity":4,"f:11:31:11:32":2,"s:11:42:11:52":5,"s:20:2:22:Infinity":6,"s:24:18:24:Infinity":7,"s:26:19:43:Infinity":8,"f:26:19:26:26":3,"b:27:4:30:Infinity:undefined:undefined:undefined:undefined":0,"s:27:4:30:Infinity":9,"s:28:6:28:Infinity":10,"s:29:6:29:Infinity":11,"s:32:4:42:Infinity":12,"s:33:6:33:Infinity":13,"s:34:6:34:Infinity":14,"s:35:6:35:Infinity":15,"s:37:6:40:Infinity":16,"s:41:6:41:Infinity":17,"s:45:2:89:Infinity":18,"b:56:29:56:48:56:48:56:Infinity":1,"b:64:9:64:Infinity:65:10:71:Infinity":2,"b:73:9:73:27:73:27:73:Infinity":3,"b:75:32:75:63:75:63:75:Infinity":4,"b:84:20:84:39:84:39:84:68:84:68:84:Infinity":5,"s:93:0:95:Infinity":19}}}
,"D:\\asah\\Menjadi React Web Developer Expert\\project-subsmission\\src\\components\\common\\Button.jsx": {"path":"D:\\asah\\Menjadi React Web Developer Expert\\project-subsmission\\src\\components\\common\\Button.jsx","statementMap":{"0":{"start":{"line":3,"column":15},"end":{"line":49,"column":null}},"1":{"start":{"line":15,"column":4},"end":{"line":15,"column":null}},"2":{"start":{"line":19,"column":19},"end":{"line":24,"column":null}},"3":{"start":{"line":26,"column":16},"end":{"line":30,"column":null}},"4":{"start":{"line":32,"column":2},"end":{"line":47,"column":null}},"5":{"start":{"line":51,"column":0},"end":{"line":60,"column":null}}},"fnMap":{"0":{"name":"(anonymous_0)","decl":{"start":{"line":3,"column":15},"end":{"line":3,"column":16}},"loc":{"start":{"line":13,"column":6},"end":{"line":49,"column":null}},"line":13}},"branchMap":{"0":{"loc":{"start":{"line":5,"column":2},"end":{"line":5,"column":null}},"type":"default-arg","locations":[{"start":{"line":5,"column":9},"end":{"line":5,"column":null}}],"line":5},"1":{"loc":{"start":{"line":6,"column":2},"end":{"line":6,"column":null}},"type":"default-arg","locations":[{"start":{"line":6,"column":12},"end":{"line":6,"column":null}}],"line":6},"2":{"loc":{"start":{"line":7,"column":2},"end":{"line":7,"column":null}},"type":"default-arg","locations":[{"start":{"line":7,"column":9},"end":{"line":7,"column":null}}],"line":7},"3":{"loc":{"start":{"line":8,"column":2},"end":{"line":8,"column":null}},"type":"default-arg","locations":[{"start":{"line":8,"column":14},"end":{"line":8,"column":null}}],"line":8},"4":{"loc":{"start":{"line":9,"column":2},"end":{"line":9,"column":null}},"type":"default-arg","locations":[{"start":{"line":9,"column":13},"end":{"line":9,"column":null}}],"line":9},"5":{"loc":{"start":{"line":10,"column":2},"end":{"line":10,"column":null}},"type":"default-arg","locations":[{"start":{"line":10,"column":14},"end":{"line":10,"column":null}}],"line":10},"6":{"loc":{"start":{"line":36,"column":16},"end":{"line":36,"column":null}},"type":"binary-expr","locations":[{"start":{"line":36,"column":16},"end":{"line":36,"column":28}},{"start":{"line":36,"column":28},"end":{"line":36,"column":null}}],"line":36},"7":{"loc":{"start":{"line":40,"column":7},"end":{"line":45,"column":null}},"type":"cond-expr","locations":[{"start":{"line":41,"column":8},"end":{"line":43,"column":null}},{"start":{"line":45,"column":8},"end":{"line":45,"column":null}}],"line":40}},"s":{"0":2,"1":23,"2":23,"3":23,"4":23,"5":2},"f":{"0":23},"b":{"0":[23],"1":[23],"2":[23],"3":[23],"4":[23],"5":[23],"6":[23,17],"7":[0,23]},"meta":{"lastBranch":8,"lastFunction":1,"lastStatement":6,"seen":{"s:3:15:49:Infinity":0,"f:3:15:3:16":0,"b:5:9:5:Infinity":0,"b:6:12:6:Infinity":1,"b:7:9:7:Infinity":2,"b:8:14:8:Infinity":3,"b:9:13:9:Infinity":4,"b:10:14:10:Infinity":5,"s:15:4:15:Infinity":1,"s:19:19:24:Infinity":2,"s:26:16:30:Infinity":3,"s:32:2:47:Infinity":4,"b:36:16:36:28:36:28:36:Infinity":6,"b:41:8:43:Infinity:45:8:45:Infinity":7,"s:51:0:60:Infinity":5}}}
,"D:\\asah\\Menjadi React Web Developer Expert\\project-subsmission\\src\\components\\common\\Input.jsx": {"path":"D:\\asah\\Menjadi React Web Developer Expert\\project-subsmission\\src\\components\\common\\Input.jsx","statementMap":{"0":{"start":{"line":4,"column":6},"end":{"line":44,"column":null}},"1":{"start":{"line":18,"column":4},"end":{"line":41,"column":null}},"2":{"start":{"line":46,"column":0},"end":{"line":46,"column":null}},"3":{"start":{"line":48,"column":0},"end":{"line":56,"column":null}}},"fnMap":{"0":{"name":"(anonymous_0)","decl":{"start":{"line":5,"column":2},"end":{"line":5,"column":null}},"loc":{"start":{"line":17,"column":7},"end":{"line":43,"column":null}},"line":17}},"branchMap":{"0":{"loc":{"start":{"line":8,"column":6},"end":{"line":8,"column":null}},"type":"default-arg","locations":[{"start":{"line":8,"column":13},"end":{"line":8,"column":null}}],"line":8},"1":{"loc":{"start":{"line":10,"column":6},"end":{"line":10,"column":null}},"type":"default-arg","locations":[{"start":{"line":10,"column":20},"end":{"line":10,"column":null}}],"line":10},"2":{"loc":{"start":{"line":11,"column":6},"end":{"line":11,"column":null}},"type":"default-arg","locations":[{"start":{"line":11,"column":14},"end":{"line":11,"column":null}}],"line":11},"3":{"loc":{"start":{"line":12,"column":6},"end":{"line":12,"column":null}},"type":"default-arg","locations":[{"start":{"line":12,"column":17},"end":{"line":12,"column":null}}],"line":12},"4":{"loc":{"start":{"line":13,"column":6},"end":{"line":13,"column":null}},"type":"default-arg","locations":[{"start":{"line":13,"column":18},"end":{"line":13,"column":null}}],"line":13},"5":{"loc":{"start":{"line":20,"column":9},"end":{"line":23,"column":null}},"type":"binary-expr","locations":[{"start":{"line":20,"column":9},"end":{"line":20,"column":null}},{"start":{"line":21,"column":10},"end":{"line":23,"column":null}}],"line":20},"6":{"loc":{"start":{"line":22,"column":21},"end":{"line":22,"column":null}},"type":"binary-expr","locations":[{"start":{"line":22,"column":21},"end":{"line":22,"column":33}},{"start":{"line":22,"column":33},"end":{"line":22,"column":null}}],"line":22},"7":{"loc":{"start":{"line":35,"column":36},"end":{"line":35,"column":80}},"type":"cond-expr","locations":[{"start":{"line":35,"column":44},"end":{"line":35,"column":63}},{"start":{"line":35,"column":63},"end":{"line":35,"column":80}}],"line":35},"8":{"loc":{"start":{"line":40,"column":9},"end":{"line":40,"column":null}},"type":"binary-expr","locations":[{"start":{"line":40,"column":9},"end":{"line":40,"column":18}},{"start":{"line":40,"column":18},"end":{"line":40,"column":null}}],"line":40}},"s":{"0":1,"1":10,"2":1,"3":1},"f":{"0":10},"b":{"0":[10],"1":[10],"2":[10],"3":[10],"4":[10],"5":[10,10],"6":[10,10],"7":[0,10],"8":[10,0]},"meta":{"lastBranch":9,"lastFunction":1,"lastStatement":4,"seen":{"s:4:6:44:Infinity":0,"f:5:2:5:Infinity":0,"b:8:13:8:Infinity":0,"b:10:20:10:Infinity":1,"b:11:14:11:Infinity":2,"b:12:17:12:Infinity":3,"b:13:18:13:Infinity":4,"s:18:4:41:Infinity":1,"b:20:9:20:Infinity:21:10:23:Infinity":5,"b:22:21:22:33:22:33:22:Infinity":6,"b:35:44:35:63:35:63:35:80":7,"b:40:9:40:18:40:18:40:Infinity":8,"s:46:0:46:Infinity":2,"s:48:0:56:Infinity":3}}}
,"D:\\asah\\Menjadi React Web Developer Expert\\project-subsmission\\src\\pages\\LoginPage.jsx": {"path":"D:\\asah\\Menjadi React Web Developer Expert\\project-subsmission\\src\\pages\\LoginPage.jsx","statementMap":{"0":{"start":{"line":9,"column":18},"end":{"line":115,"column":null}},"1":{"start":{"line":10,"column":8},"end":{"line":10,"column":null}},"2":{"start":{"line":11,"column":8},"end":{"line":11,"column":null}},"3":{"start":{"line":12,"column":32},"end":{"line":12,"column":null}},"4":{"start":{"line":12,"column":59},"end":{"line":12,"column":69}},"5":{"start":{"line":19,"column":2},"end":{"line":21,"column":null}},"6":{"start":{"line":23,"column":2},"end":{"line":25,"column":null}},"7":{"start":{"line":24,"column":4},"end":{"line":24,"column":null}},"8":{"start":{"line":27,"column":2},"end":{"line":31,"column":null}},"9":{"start":{"line":28,"column":4},"end":{"line":30,"column":null}},"10":{"start":{"line":29,"column":6},"end":{"line":29,"column":null}},"11":{"start":{"line":33,"column":19},"end":{"line":39,"column":null}},"12":{"start":{"line":34,"column":4},"end":{"line":38,"column":null}},"13":{"start":{"line":35,"column":6},"end":{"line":35,"column":null}},"14":{"start":{"line":37,"column":6},"end":{"line":37,"column":null}},"15":{"start":{"line":41,"column":2},"end":{"line":113,"column":null}}},"fnMap":{"0":{"name":"(anonymous_0)","decl":{"start":{"line":9,"column":18},"end":{"line":9,"column":24}},"loc":{"start":{"line":9,"column":24},"end":{"line":115,"column":null}},"line":9},"1":{"name":"(anonymous_1)","decl":{"start":{"line":12,"column":48},"end":{"line":12,"column":49}},"loc":{"start":{"line":12,"column":59},"end":{"line":12,"column":69}},"line":12},"2":{"name":"(anonymous_2)","decl":{"start":{"line":23,"column":12},"end":{"line":23,"column":18}},"loc":{"start":{"line":23,"column":18},"end":{"line":25,"column":5}},"line":23},"3":{"name":"(anonymous_3)","decl":{"start":{"line":27,"column":12},"end":{"line":27,"column":18}},"loc":{"start":{"line":27,"column":18},"end":{"line":31,"column":5}},"line":27},"4":{"name":"(anonymous_4)","decl":{"start":{"line":33,"column":19},"end":{"line":33,"column":26}},"loc":{"start":{"line":33,"column":35},"end":{"line":39,"column":null}},"line":33}},"branchMap":{"0":{"loc":{"start":{"line":28,"column":4},"end":{"line":30,"column":null}},"type":"if","locations":[{"start":{"line":28,"column":4},"end":{"line":30,"column":null}},{"start":{},"end":{}}],"line":28},"1":{"loc":{"start":{"line":37,"column":50},"end":{"line":37,"column":79}},"type":"binary-expr","locations":[{"start":{"line":37,"column":50},"end":{"line":37,"column":65}},{"start":{"line":37,"column":65},"end":{"line":37,"column":79}}],"line":37},"2":{"loc":{"start":{"line":85,"column":12},"end":{"line":96,"column":null}},"type":"binary-expr","locations":[{"start":{"line":87,"column":14},"end":{"line":87,"column":23}},{"start":{"line":87,"column":23},"end":{"line":87,"column":null}},{"start":{"line":88,"column":14},"end":{"line":96,"column":null}}],"line":85},"3":{"loc":{"start":{"line":92,"column":23},"end":{"line":92,"column":null}},"type":"binary-expr","locations":[{"start":{"line":92,"column":23},"end":{"line":92,"column":32}},{"start":{"line":92,"column":32},"end":{"line":92,"column":null}}],"line":92}},"s":{"0":1,"1":5,"2":5,"3":5,"4":7,"5":5,"6":5,"7":2,"8":5,"9":2,"10":0,"11":5,"12":1,"13":1,"14":1,"15":5},"f":{"0":5,"1":7,"2":2,"3":2,"4":1},"b":{"0":[0,2],"1":[1,0],"2":[5,3,3],"3":[3,1]},"meta":{"lastBranch":4,"lastFunction":5,"lastStatement":16,"seen":{"s:9:18:115:Infinity":0,"f:9:18:9:24":0,"s:10:8:10:Infinity":1,"s:11:8:11:Infinity":2,"s:12:32:12:Infinity":3,"f:12:48:12:49":1,"s:12:59:12:69":4,"s:19:2:21:Infinity":5,"s:23:2:25:Infinity":6,"f:23:12:23:18":2,"s:24:4:24:Infinity":7,"s:27:2:31:Infinity":8,"f:27:12:27:18":3,"b:28:4:30:Infinity:undefined:undefined:undefined:undefined":0,"s:28:4:30:Infinity":9,"s:29:6:29:Infinity":10,"s:33:19:39:Infinity":11,"f:33:19:33:26":4,"s:34:4:38:Infinity":12,"s:35:6:35:Infinity":13,"s:37:6:37:Infinity":14,"b:37:50:37:65:37:65:37:79":1,"s:41:2:113:Infinity":15,"b:87:14:87:23:87:23:87:Infinity:88:14:96:Infinity":2,"b:92:23:92:32:92:32:92:Infinity":3}}}
,"D:\\asah\\Menjadi React Web Developer Expert\\project-subsmission\\src\\store\\slices\\AuthSlice.js": {"path":"D:\\asah\\Menjadi React Web Developer Expert\\project-subsmission\\src\\store\\slices\\AuthSlice.js","statementMap":{"0":{"start":{"line":4,"column":27},"end":{"line":15,"column":null}},"1":{"start":{"line":7,"column":4},"end":{"line":13,"column":null}},"2":{"start":{"line":8,"column":23},"end":{"line":8,"column":null}},"3":{"start":{"line":9,"column":6},"end":{"line":9,"column":null}},"4":{"start":{"line":10,"column":6},"end":{"line":10,"column":null}},"5":{"start":{"line":12,"column":6},"end":{"line":12,"column":null}},"6":{"start":{"line":17,"column":24},"end":{"line":28,"column":null}},"7":{"start":{"line":20,"column":4},"end":{"line":26,"column":null}},"8":{"start":{"line":21,"column":23},"end":{"line":21,"column":null}},"9":{"start":{"line":22,"column":6},"end":{"line":22,"column":null}},"10":{"start":{"line":23,"column":6},"end":{"line":23,"column":null}},"11":{"start":{"line":25,"column":6},"end":{"line":25,"column":null}},"12":{"start":{"line":30,"column":28},"end":{"line":40,"column":null}},"13":{"start":{"line":33,"column":4},"end":{"line":38,"column":null}},"14":{"start":{"line":34,"column":23},"end":{"line":34,"column":null}},"15":{"start":{"line":35,"column":6},"end":{"line":35,"column":null}},"16":{"start":{"line":37,"column":6},"end":{"line":37,"column":null}},"17":{"start":{"line":42,"column":17},"end":{"line":101,"column":null}},"18":{"start":{"line":52,"column":6},"end":{"line":52,"column":null}},"19":{"start":{"line":53,"column":6},"end":{"line":53,"column":null}},"20":{"start":{"line":54,"column":6},"end":{"line":54,"column":null}},"21":{"start":{"line":57,"column":6},"end":{"line":57,"column":null}},"22":{"start":{"line":60,"column":6},"end":{"line":60,"column":null}},"23":{"start":{"line":64,"column":4},"end":{"line":99,"column":null}},"24":{"start":{"line":66,"column":8},"end":{"line":66,"column":null}},"25":{"start":{"line":67,"column":8},"end":{"line":67,"column":null}},"26":{"start":{"line":70,"column":8},"end":{"line":70,"column":null}},"27":{"start":{"line":71,"column":8},"end":{"line":71,"column":null}},"28":{"start":{"line":74,"column":8},"end":{"line":74,"column":null}},"29":{"start":{"line":75,"column":8},"end":{"line":75,"column":null}},"30":{"start":{"line":78,"column":8},"end":{"line":78,"column":null}},"31":{"start":{"line":79,"column":8},"end":{"line":79,"column":null}},"32":{"start":{"line":82,"column":8},"end":{"line":82,"column":null}},"33":{"start":{"line":83,"column":8},"end":{"line":83,"column":null}},"34":{"start":{"line":86,"column":8},"end":{"line":86,"column":null}},"35":{"start":{"line":87,"column":8},"end":{"line":87,"column":null}},"36":{"start":{"line":90,"column":8},"end":{"line":90,"column":null}},"37":{"start":{"line":93,"column":8},"end":{"line":93,"column":null}},"38":{"start":{"line":94,"column":8},"end":{"line":94,"column":null}},"39":{"start":{"line":97,"column":8},"end":{"line":97,"column":null}},"40":{"start":{"line":98,"column":8},"end":{"line":98,"column":null}},"41":{"start":{"line":103,"column":47},"end":{"line":103,"column":null}}},"fnMap":{"0":{"name":"(anonymous_0)","decl":{"start":{"line":6,"column":2},"end":{"line":6,"column":7}},"loc":{"start":{"line":6,"column":60},"end":{"line":14,"column":null}},"line":6},"1":{"name":"(anonymous_1)","decl":{"start":{"line":19,"column":2},"end":{"line":19,"column":7}},"loc":{"start":{"line":19,"column":54},"end":{"line":27,"column":null}},"line":19},"2":{"name":"(anonymous_2)","decl":{"start":{"line":32,"column":2},"end":{"line":32,"column":7}},"loc":{"start":{"line":32,"column":36},"end":{"line":39,"column":null}},"line":32},"3":{"name":"(anonymous_3)","decl":{"start":{"line":51,"column":12},"end":{"line":51,"column":13}},"loc":{"start":{"line":51,"column":23},"end":{"line":55,"column":5}},"line":51},"4":{"name":"(anonymous_4)","decl":{"start":{"line":56,"column":16},"end":{"line":56,"column":17}},"loc":{"start":{"line":56,"column":27},"end":{"line":58,"column":5}},"line":56},"5":{"name":"(anonymous_5)","decl":{"start":{"line":59,"column":13},"end":{"line":59,"column":14}},"loc":{"start":{"line":59,"column":32},"end":{"line":61,"column":5}},"line":59},"6":{"name":"(anonymous_6)","decl":{"start":{"line":63,"column":17},"end":{"line":63,"column":18}},"loc":{"start":{"line":63,"column":30},"end":{"line":100,"column":3}},"line":63},"7":{"name":"(anonymous_7)","decl":{"start":{"line":65,"column":37},"end":{"line":65,"column":38}},"loc":{"start":{"line":65,"column":48},"end":{"line":68,"column":7}},"line":65},"8":{"name":"(anonymous_8)","decl":{"start":{"line":69,"column":39},"end":{"line":69,"column":40}},"loc":{"start":{"line":69,"column":58},"end":{"line":72,"column":7}},"line":69},"9":{"name":"(anonymous_9)","decl":{"start":{"line":73,"column":38},"end":{"line":73,"column":39}},"loc":{"start":{"line":73,"column":57},"end":{"line":76,"column":7}},"line":73},"10":{"name":"(anonymous_10)","decl":{"start":{"line":77,"column":34},"end":{"line":77,"column":35}},"loc":{"start":{"line":77,"column":45},"end":{"line":80,"column":7}},"line":77},"11":{"name":"(anonymous_11)","decl":{"start":{"line":81,"column":36},"end":{"line":81,"column":37}},"loc":{"start":{"line":81,"column":55},"end":{"line":84,"column":7}},"line":81},"12":{"name":"(anonymous_12)","decl":{"start":{"line":85,"column":35},"end":{"line":85,"column":36}},"loc":{"start":{"line":85,"column":54},"end":{"line":88,"column":7}},"line":85},"13":{"name":"(anonymous_13)","decl":{"start":{"line":89,"column":38},"end":{"line":89,"column":39}},"loc":{"start":{"line":89,"column":49},"end":{"line":91,"column":7}},"line":89},"14":{"name":"(anonymous_14)","decl":{"start":{"line":92,"column":40},"end":{"line":92,"column":41}},"loc":{"start":{"line":92,"column":59},"end":{"line":95,"column":7}},"line":92},"15":{"name":"(anonymous_15)","decl":{"start":{"line":96,"column":39},"end":{"line":96,"column":40}},"loc":{"start":{"line":96,"column":50},"end":{"line":99,"column":7}},"line":96}},"branchMap":{"0":{"loc":{"start":{"line":12,"column":29},"end":{"line":12,"column":83}},"type":"binary-expr","locations":[{"start":{"line":12,"column":29},"end":{"line":12,"column":58}},{"start":{"line":12,"column":62},"end":{"line":12,"column":83}}],"line":12},"1":{"loc":{"start":{"line":25,"column":29},"end":{"line":25,"column":76}},"type":"binary-expr","locations":[{"start":{"line":25,"column":29},"end":{"line":25,"column":58}},{"start":{"line":25,"column":62},"end":{"line":25,"column":76}}],"line":25},"2":{"loc":{"start":{"line":37,"column":29},"end":{"line":37,"column":85}},"type":"binary-expr","locations":[{"start":{"line":37,"column":29},"end":{"line":37,"column":58}},{"start":{"line":37,"column":62},"end":{"line":37,"column":85}}],"line":37},"3":{"loc":{"start":{"line":46,"column":11},"end":{"line":46,"column":48}},"type":"binary-expr","locations":[{"start":{"line":46,"column":11},"end":{"line":46,"column":40}},{"start":{"line":46,"column":44},"end":{"line":46,"column":48}}],"line":46}},"s":{"0":4,"1":0,"2":0,"3":0,"4":0,"5":0,"6":4,"7":2,"8":2,"9":1,"10":1,"11":1,"12":4,"13":0,"14":0,"15":0,"16":0,"17":4,"18":1,"19":1,"20":1,"21":0,"22":1,"23":4,"24":0,"25":0,"26":0,"27":0,"28":0,"29":0,"30":2,"31":2,"32":1,"33":1,"34":1,"35":1,"36":0,"37":0,"38":0,"39":0,"40":0,"41":4},"f":{"0":0,"1":2,"2":0,"3":1,"4":0,"5":1,"6":4,"7":0,"8":0,"9":0,"10":2,"11":1,"12":1,"13":0,"14":0,"15":0},"b":{"0":[0,0],"1":[1,0],"2":[0,0],"3":[4,4]},"meta":{"lastBranch":4,"lastFunction":16,"lastStatement":42,"seen":{"s:4:27:15:Infinity":0,"f:6:2:6:7":0,"s:7:4:13:Infinity":1,"s:8:23:8:Infinity":2,"s:9:6:9:Infinity":3,"s:10:6:10:Infinity":4,"s:12:6:12:Infinity":5,"b:12:29:12:58:12:62:12:83":0,"s:17:24:28:Infinity":6,"f:19:2:19:7":1,"s:20:4:26:Infinity":7,"s:21:23:21:Infinity":8,"s:22:6:22:Infinity":9,"s:23:6:23:Infinity":10,"s:25:6:25:Infinity":11,"b:25:29:25:58:25:62:25:76":1,"s:30:28:40:Infinity":12,"f:32:2:32:7":2,"s:33:4:38:Infinity":13,"s:34:23:34:Infinity":14,"s:35:6:35:Infinity":15,"s:37:6:37:Infinity":16,"b:37:29:37:58:37:62:37:85":2,"s:42:17:101:Infinity":17,"b:46:11:46:40:46:44:46:48":3,"f:51:12:51:13":3,"s:52:6:52:Infinity":18,"s:53:6:53:Infinity":19,"s:54:6:54:Infinity":20,"f:56:16:56:17":4,"s:57:6:57:Infinity":21,"f:59:13:59:14":5,"s:60:6:60:Infinity":22,"f:63:17:63:18":6,"s:64:4:99:Infinity":23,"f:65:37:65:38":7,"s:66:8:66:Infinity":24,"s:67:8:67:Infinity":25,"f:69:39:69:40":8,"s:70:8:70:Infinity":26,"s:71:8:71:Infinity":27,"f:73:38:73:39":9,"s:74:8:74:Infinity":28,"s:75:8:75:Infinity":29,"f:77:34:77:35":10,"s:78:8:78:Infinity":30,"s:79:8:79:Infinity":31,"f:81:36:81:37":11,"s:82:8:82:Infinity":32,"s:83:8:83:Infinity":33,"f:85:35:85:36":12,"s:86:8:86:Infinity":34,"s:87:8:87:Infinity":35,"f:89:38:89:39":13,"s:90:8:90:Infinity":36,"f:92:40:92:41":14,"s:93:8:93:Infinity":37,"s:94:8:94:Infinity":38,"f:96:39:96:40":15,"s:97:8:97:Infinity":39,"s:98:8:98:Infinity":40,"s:103:47:103:Infinity":41}}}
,"D:\\asah\\Menjadi React Web Developer Expert\\project-subsmission\\src\\store\\slices\\commentsSlice.js": {"path":"D:\\asah\\Menjadi React Web Developer Expert\\project-subsmission\\src\\store\\slices\\commentsSlice.js","statementMap":{"0":{"start":{"line":5,"column":28},"end":{"line":15,"column":null}},"1":{"start":{"line":8,"column":4},"end":{"line":13,"column":null}},"2":{"start":{"line":9,"column":23},"end":{"line":9,"column":null}},"3":{"start":{"line":10,"column":6},"end":{"line":10,"column":null}},"4":{"start":{"line":12,"column":6},"end":{"line":12,"column":null}},"5":{"start":{"line":17,"column":26},"end":{"line":37,"column":null}},"6":{"start":{"line":20,"column":4},"end":{"line":35,"column":null}},"7":{"start":{"line":22,"column":6},"end":{"line":24,"column":null}},"8":{"start":{"line":22,"column":26},"end":{"line":22,"column":null}},"9":{"start":{"line":23,"column":11},"end":{"line":24,"column":null}},"10":{"start":{"line":23,"column":32},"end":{"line":23,"column":null}},"11":{"start":{"line":24,"column":11},"end":{"line":24,"column":null}},"12":{"start":{"line":26,"column":23},"end":{"line":26,"column":null}},"13":{"start":{"line":27,"column":6},"end":{"line":32,"column":null}},"14":{"start":{"line":34,"column":6},"end":{"line":34,"column":null}},"15":{"start":{"line":39,"column":21},"end":{"line":73,"column":null}},"16":{"start":{"line":47,"column":6},"end":{"line":47,"column":null}},"17":{"start":{"line":51,"column":4},"end":{"line":71,"column":null}},"18":{"start":{"line":53,"column":8},"end":{"line":53,"column":null}},"19":{"start":{"line":54,"column":8},"end":{"line":54,"column":null}},"20":{"start":{"line":57,"column":8},"end":{"line":57,"column":null}},"21":{"start":{"line":60,"column":8},"end":{"line":60,"column":null}},"22":{"start":{"line":61,"column":8},"end":{"line":61,"column":null}},"23":{"start":{"line":64,"column":8},"end":{"line":64,"column":null}},"24":{"start":{"line":70,"column":8},"end":{"line":70,"column":null}},"25":{"start":{"line":75,"column":30},"end":{"line":75,"column":null}}},"fnMap":{"0":{"name":"(anonymous_0)","decl":{"start":{"line":7,"column":2},"end":{"line":7,"column":7}},"loc":{"start":{"line":7,"column":56},"end":{"line":14,"column":null}},"line":7},"1":{"name":"(anonymous_1)","decl":{"start":{"line":19,"column":2},"end":{"line":19,"column":7}},"loc":{"start":{"line":19,"column":68},"end":{"line":36,"column":null}},"line":19},"2":{"name":"(anonymous_2)","decl":{"start":{"line":46,"column":16},"end":{"line":46,"column":17}},"loc":{"start":{"line":46,"column":27},"end":{"line":48,"column":5}},"line":46},"3":{"name":"(anonymous_3)","decl":{"start":{"line":50,"column":17},"end":{"line":50,"column":18}},"loc":{"start":{"line":50,"column":30},"end":{"line":72,"column":3}},"line":50},"4":{"name":"(anonymous_4)","decl":{"start":{"line":52,"column":38},"end":{"line":52,"column":39}},"loc":{"start":{"line":52,"column":49},"end":{"line":55,"column":7}},"line":52},"5":{"name":"(anonymous_5)","decl":{"start":{"line":56,"column":40},"end":{"line":56,"column":41}},"loc":{"start":{"line":56,"column":51},"end":{"line":58,"column":7}},"line":56},"6":{"name":"(anonymous_6)","decl":{"start":{"line":59,"column":39},"end":{"line":59,"column":40}},"loc":{"start":{"line":59,"column":58},"end":{"line":62,"column":7}},"line":59},"7":{"name":"(anonymous_7)","decl":{"start":{"line":63,"column":36},"end":{"line":63,"column":37}},"loc":{"start":{"line":63,"column":47},"end":{"line":65,"column":7}},"line":63},"8":{"name":"(anonymous_8)","decl":{"start":{"line":66,"column":38},"end":{"line":66,"column":39}},"loc":{"start":{"line":66,"column":44},"end":{"line":68,"column":7}},"line":66},"9":{"name":"(anonymous_9)","decl":{"start":{"line":69,"column":37},"end":{"line":69,"column":38}},"loc":{"start":{"line":69,"column":56},"end":{"line":71,"column":7}},"line":69}},"branchMap":{"0":{"loc":{"start":{"line":12,"column":29},"end":{"line":12,"column":88}},"type":"binary-expr","locations":[{"start":{"line":12,"column":29},"end":{"line":12,"column":58}},{"start":{"line":12,"column":62},"end":{"line":12,"column":88}}],"line":12},"1":{"loc":{"start":{"line":22,"column":6},"end":{"line":24,"column":null}},"type":"if","locations":[{"start":{"line":22,"column":6},"end":{"line":24,"column":null}},{"start":{"line":23,"column":11},"end":{"line":24,"column":null}}],"line":22},"2":{"loc":{"start":{"line":23,"column":11},"end":{"line":24,"column":null}},"type":"if","locations":[{"start":{"line":23,"column":11},"end":{"line":24,"column":null}},{"start":{"line":24,"column":11},"end":{"line":24,"column":null}}],"line":23},"3":{"loc":{"start":{"line":34,"column":29},"end":{"line":34,"column":86}},"type":"binary-expr","locations":[{"start":{"line":34,"column":29},"end":{"line":34,"column":58}},{"start":{"line":34,"column":62},"end":{"line":34,"column":86}}],"line":34}},"s":{"0":1,"1":0,"2":0,"3":0,"4":0,"5":1,"6":0,"7":0,"8":0,"9":0,"10":0,"11":0,"12":0,"13":0,"14":0,"15":1,"16":0,"17":1,"18":0,"19":0,"20":0,"21":0,"22":0,"23":0,"24":0,"25":1},"f":{"0":0,"1":0,"2":0,"3":1,"4":0,"5":0,"6":0,"7":0,"8":0,"9":0},"b":{"0":[0,0],"1":[0,0],"2":[0,0],"3":[0,0]},"meta":{"lastBranch":4,"lastFunction":10,"lastStatement":26,"seen":{"s:5:28:15:Infinity":0,"f:7:2:7:7":0,"s:8:4:13:Infinity":1,"s:9:23:9:Infinity":2,"s:10:6:10:Infinity":3,"s:12:6:12:Infinity":4,"b:12:29:12:58:12:62:12:88":0,"s:17:26:37:Infinity":5,"f:19:2:19:7":1,"s:20:4:35:Infinity":6,"b:22:6:24:Infinity:23:11:24:Infinity":1,"s:22:6:24:Infinity":7,"s:22:26:22:Infinity":8,"b:23:11:24:Infinity:24:11:24:Infinity":2,"s:23:11:24:Infinity":9,"s:23:32:23:Infinity":10,"s:24:11:24:Infinity":11,"s:26:23:26:Infinity":12,"s:27:6:32:Infinity":13,"s:34:6:34:Infinity":14,"b:34:29:34:58:34:62:34:86":3,"s:39:21:73:Infinity":15,"f:46:16:46:17":2,"s:47:6:47:Infinity":16,"f:50:17:50:18":3,"s:51:4:71:Infinity":17,"f:52:38:52:39":4,"s:53:8:53:Infinity":18,"s:54:8:54:Infinity":19,"f:56:40:56:41":5,"s:57:8:57:Infinity":20,"f:59:39:59:40":6,"s:60:8:60:Infinity":21,"s:61:8:61:Infinity":22,"f:63:36:63:37":7,"s:64:8:64:Infinity":23,"f:66:38:66:39":8,"f:69:37:69:38":9,"s:70:8:70:Infinity":24,"s:75:30:75:Infinity":25}}}
,"D:\\asah\\Menjadi React Web Developer Expert\\project-subsmission\\src\\store\\slices\\threadsSlice.js": {"path":"D:\\asah\\Menjadi React Web Developer Expert\\project-subsmission\\src\\store\\slices\\threadsSlice.js","statementMap":{"0":{"start":{"line":5,"column":25},"end":{"line":12,"column":null}},"1":{"start":{"line":6,"column":2},"end":{"line":11,"column":null}},"2":{"start":{"line":7,"column":21},"end":{"line":7,"column":null}},"3":{"start":{"line":8,"column":4},"end":{"line":8,"column":null}},"4":{"start":{"line":10,"column":4},"end":{"line":10,"column":null}},"5":{"start":{"line":14,"column":27},"end":{"line":63,"column":null}},"6":{"start":{"line":17,"column":4},"end":{"line":61,"column":null}},"7":{"start":{"line":19,"column":23},"end":{"line":19,"column":null}},"8":{"start":{"line":20,"column":22},"end":{"line":20,"column":null}},"9":{"start":{"line":23,"column":24},"end":{"line":23,"column":null}},"10":{"start":{"line":24,"column":6},"end":{"line":43,"column":null}},"11":{"start":{"line":25,"column":8},"end":{"line":25,"column":null}},"12":{"start":{"line":26,"column":29},"end":{"line":26,"column":null}},"13":{"start":{"line":27,"column":25},"end":{"line":27,"column":null}},"14":{"start":{"line":30,"column":34},"end":{"line":40,"column":null}},"15":{"start":{"line":31,"column":24},"end":{"line":31,"column":null}},"16":{"start":{"line":31,"column":48},"end":{"line":31,"column":74}},"17":{"start":{"line":32,"column":10},"end":{"line":39,"column":null}},"18":{"start":{"line":42,"column":8},"end":{"line":42,"column":null}},"19":{"start":{"line":46,"column":32},"end":{"line":56,"column":null}},"20":{"start":{"line":47,"column":22},"end":{"line":47,"column":null}},"21":{"start":{"line":47,"column":43},"end":{"line":47,"column":69}},"22":{"start":{"line":48,"column":8},"end":{"line":55,"column":null}},"23":{"start":{"line":58,"column":6},"end":{"line":58,"column":null}},"24":{"start":{"line":60,"column":6},"end":{"line":60,"column":null}},"25":{"start":{"line":65,"column":32},"end":{"line":75,"column":null}},"26":{"start":{"line":68,"column":4},"end":{"line":73,"column":null}},"27":{"start":{"line":69,"column":23},"end":{"line":69,"column":null}},"28":{"start":{"line":70,"column":6},"end":{"line":70,"column":null}},"29":{"start":{"line":72,"column":6},"end":{"line":72,"column":null}},"30":{"start":{"line":77,"column":27},"end":{"line":87,"column":null}},"31":{"start":{"line":80,"column":4},"end":{"line":85,"column":null}},"32":{"start":{"line":81,"column":23},"end":{"line":81,"column":null}},"33":{"start":{"line":82,"column":6},"end":{"line":82,"column":null}},"34":{"start":{"line":84,"column":6},"end":{"line":84,"column":null}},"35":{"start":{"line":89,"column":25},"end":{"line":108,"column":null}},"36":{"start":{"line":92,"column":4},"end":{"line":106,"column":null}},"37":{"start":{"line":94,"column":6},"end":{"line":96,"column":null}},"38":{"start":{"line":94,"column":26},"end":{"line":94,"column":null}},"39":{"start":{"line":95,"column":11},"end":{"line":96,"column":null}},"40":{"start":{"line":95,"column":32},"end":{"line":95,"column":null}},"41":{"start":{"line":96,"column":11},"end":{"line":96,"column":null}},"42":{"start":{"line":98,"column":23},"end":{"line":98,"column":null}},"43":{"start":{"line":99,"column":6},"end":{"line":103,"column":null}},"44":{"start":{"line":105,"column":6},"end":{"line":105,"column":null}},"45":{"start":{"line":110,"column":20},"end":{"line":318,"column":null}},"46":{"start":{"line":122,"column":6},"end":{"line":122,"column":null}},"47":{"start":{"line":125,"column":6},"end":{"line":125,"column":null}},"48":{"start":{"line":128,"column":6},"end":{"line":128,"column":null}},"49":{"start":{"line":132,"column":45},"end":{"line":132,"column":null}},"50":{"start":{"line":135,"column":6},"end":{"line":158,"column":null}},"51":{"start":{"line":136,"column":8},"end":{"line":156,"column":null}},"52":{"start":{"line":137,"column":29},"end":{"line":137,"column":null}},"53":{"start":{"line":138,"column":31},"end":{"line":138,"column":null}},"54":{"start":{"line":141,"column":10},"end":{"line":141,"column":null}},"55":{"start":{"line":141,"column":53},"end":{"line":141,"column":66}},"56":{"start":{"line":142,"column":10},"end":{"line":142,"column":null}},"57":{"start":{"line":142,"column":57},"end":{"line":142,"column":70}},"58":{"start":{"line":145,"column":10},"end":{"line":149,"column":null}},"59":{"start":{"line":146,"column":12},"end":{"line":146,"column":null}},"60":{"start":{"line":147,"column":17},"end":{"line":149,"column":null}},"61":{"start":{"line":148,"column":12},"end":{"line":148,"column":null}},"62":{"start":{"line":151,"column":10},"end":{"line":155,"column":null}},"63":{"start":{"line":157,"column":8},"end":{"line":157,"column":null}},"64":{"start":{"line":161,"column":6},"end":{"line":178,"column":null}},"65":{"start":{"line":162,"column":27},"end":{"line":162,"column":null}},"66":{"start":{"line":163,"column":29},"end":{"line":163,"column":null}},"67":{"start":{"line":166,"column":8},"end":{"line":166,"column":null}},"68":{"start":{"line":166,"column":51},"end":{"line":166,"column":64}},"69":{"start":{"line":167,"column":8},"end":{"line":167,"column":null}},"70":{"start":{"line":167,"column":55},"end":{"line":167,"column":68}},"71":{"start":{"line":170,"column":8},"end":{"line":174,"column":null}},"72":{"start":{"line":171,"column":10},"end":{"line":171,"column":null}},"73":{"start":{"line":172,"column":15},"end":{"line":174,"column":null}},"74":{"start":{"line":173,"column":10},"end":{"line":173,"column":null}},"75":{"start":{"line":176,"column":8},"end":{"line":176,"column":null}},"76":{"start":{"line":177,"column":8},"end":{"line":177,"column":null}},"77":{"start":{"line":182,"column":46},"end":{"line":182,"column":null}},"78":{"start":{"line":184,"column":6},"end":{"line":209,"column":null}},"79":{"start":{"line":185,"column":8},"end":{"line":208,"column":null}},"80":{"start":{"line":186,"column":10},"end":{"line":206,"column":null}},"81":{"start":{"line":187,"column":31},"end":{"line":187,"column":null}},"82":{"start":{"line":188,"column":33},"end":{"line":188,"column":null}},"83":{"start":{"line":191,"column":12},"end":{"line":191,"column":null}},"84":{"start":{"line":191,"column":55},"end":{"line":191,"column":68}},"85":{"start":{"line":192,"column":12},"end":{"line":192,"column":null}},"86":{"start":{"line":192,"column":59},"end":{"line":192,"column":72}},"87":{"start":{"line":195,"column":12},"end":{"line":199,"column":null}},"88":{"start":{"line":196,"column":14},"end":{"line":196,"column":null}},"89":{"start":{"line":197,"column":19},"end":{"line":199,"column":null}},"90":{"start":{"line":198,"column":14},"end":{"line":198,"column":null}},"91":{"start":{"line":201,"column":12},"end":{"line":205,"column":null}},"92":{"start":{"line":207,"column":10},"end":{"line":207,"column":null}},"93":{"start":{"line":213,"column":4},"end":{"line":316,"column":null}},"94":{"start":{"line":216,"column":8},"end":{"line":216,"column":null}},"95":{"start":{"line":219,"column":8},"end":{"line":219,"column":null}},"96":{"start":{"line":220,"column":8},"end":{"line":220,"column":null}},"97":{"start":{"line":223,"column":8},"end":{"line":223,"column":null}},"98":{"start":{"line":224,"column":8},"end":{"line":224,"column":null}},"99":{"start":{"line":228,"column":8},"end":{"line":228,"column":null}},"100":{"start":{"line":229,"column":8},"end":{"line":229,"column":null}},"101":{"start":{"line":232,"column":8},"end":{"line":232,"column":null}},"102":{"start":{"line":233,"column":8},"end":{"line":233,"column":null}},"103":{"start":{"line":234,"column":8},"end":{"line":234,"column":null}},"104":{"start":{"line":237,"column":8},"end":{"line":237,"column":null}},"105":{"start":{"line":238,"column":8},"end":{"line":238,"column":null}},"106":{"start":{"line":242,"column":8},"end":{"line":242,"column":null}},"107":{"start":{"line":243,"column":8},"end":{"line":243,"column":null}},"108":{"start":{"line":246,"column":8},"end":{"line":246,"column":null}},"109":{"start":{"line":247,"column":8},"end":{"line":247,"column":null}},"110":{"start":{"line":250,"column":8},"end":{"line":250,"column":null}},"111":{"start":{"line":251,"column":8},"end":{"line":251,"column":null}},"112":{"start":{"line":255,"column":8},"end":{"line":255,"column":null}},"113":{"start":{"line":256,"column":8},"end":{"line":256,"column":null}},"114":{"start":{"line":259,"column":8},"end":{"line":259,"column":null}},"115":{"start":{"line":261,"column":8},"end":{"line":261,"column":null}},"116":{"start":{"line":264,"column":8},"end":{"line":264,"column":null}},"117":{"start":{"line":265,"column":8},"end":{"line":265,"column":null}},"118":{"start":{"line":269,"column":47},"end":{"line":269,"column":null}},"119":{"start":{"line":272,"column":8},"end":{"line":295,"column":null}},"120":{"start":{"line":273,"column":10},"end":{"line":293,"column":null}},"121":{"start":{"line":274,"column":31},"end":{"line":274,"column":null}},"122":{"start":{"line":275,"column":33},"end":{"line":275,"column":null}},"123":{"start":{"line":278,"column":12},"end":{"line":278,"column":null}},"124":{"start":{"line":278,"column":55},"end":{"line":278,"column":68}},"125":{"start":{"line":279,"column":12},"end":{"line":279,"column":null}},"126":{"start":{"line":279,"column":59},"end":{"line":279,"column":72}},"127":{"start":{"line":282,"column":12},"end":{"line":286,"column":null}},"128":{"start":{"line":283,"column":14},"end":{"line":283,"column":null}},"129":{"start":{"line":284,"column":19},"end":{"line":286,"column":null}},"130":{"start":{"line":285,"column":14},"end":{"line":285,"column":null}},"131":{"start":{"line":288,"column":12},"end":{"line":292,"column":null}},"132":{"start":{"line":294,"column":10},"end":{"line":294,"column":null}},"133":{"start":{"line":298,"column":8},"end":{"line":315,"column":null}},"134":{"start":{"line":299,"column":29},"end":{"line":299,"column":null}},"135":{"start":{"line":300,"column":31},"end":{"line":300,"column":null}},"136":{"start":{"line":303,"column":10},"end":{"line":303,"column":null}},"137":{"start":{"line":303,"column":53},"end":{"line":303,"column":66}},"138":{"start":{"line":304,"column":10},"end":{"line":304,"column":null}},"139":{"start":{"line":304,"column":57},"end":{"line":304,"column":70}},"140":{"start":{"line":307,"column":10},"end":{"line":311,"column":null}},"141":{"start":{"line":308,"column":12},"end":{"line":308,"column":null}},"142":{"start":{"line":309,"column":17},"end":{"line":311,"column":null}},"143":{"start":{"line":310,"column":12},"end":{"line":310,"column":null}},"144":{"start":{"line":313,"column":10},"end":{"line":313,"column":null}},"145":{"start":{"line":314,"column":10},"end":{"line":314,"column":null}},"146":{"start":{"line":326,"column":4},"end":{"line":326,"column":null}}},"fnMap":{"0":{"name":"(anonymous_0)","decl":{"start":{"line":5,"column":65},"end":{"line":5,"column":70}},"loc":{"start":{"line":5,"column":99},"end":{"line":12,"column":1}},"line":5},"1":{"name":"(anonymous_1)","decl":{"start":{"line":16,"column":2},"end":{"line":16,"column":7}},"loc":{"start":{"line":16,"column":56},"end":{"line":62,"column":null}},"line":16},"2":{"name":"(anonymous_2)","decl":{"start":{"line":30,"column":46},"end":{"line":30,"column":47}},"loc":{"start":{"line":30,"column":58},"end":{"line":40,"column":9}},"line":30},"3":{"name":"(anonymous_3)","decl":{"start":{"line":31,"column":38},"end":{"line":31,"column":39}},"loc":{"start":{"line":31,"column":48},"end":{"line":31,"column":74}},"line":31},"4":{"name":"(anonymous_4)","decl":{"start":{"line":46,"column":44},"end":{"line":46,"column":45}},"loc":{"start":{"line":46,"column":56},"end":{"line":56,"column":7}},"line":46},"5":{"name":"(anonymous_5)","decl":{"start":{"line":47,"column":33},"end":{"line":47,"column":34}},"loc":{"start":{"line":47,"column":43},"end":{"line":47,"column":69}},"line":47},"6":{"name":"(anonymous_6)","decl":{"start":{"line":67,"column":2},"end":{"line":67,"column":7}},"loc":{"start":{"line":67,"column":43},"end":{"line":74,"column":null}},"line":67},"7":{"name":"(anonymous_7)","decl":{"start":{"line":79,"column":2},"end":{"line":79,"column":7}},"loc":{"start":{"line":79,"column":72},"end":{"line":86,"column":null}},"line":79},"8":{"name":"(anonymous_8)","decl":{"start":{"line":91,"column":2},"end":{"line":91,"column":7}},"loc":{"start":{"line":91,"column":57},"end":{"line":107,"column":null}},"line":91},"9":{"name":"(anonymous_9)","decl":{"start":{"line":121,"column":25},"end":{"line":121,"column":26}},"loc":{"start":{"line":121,"column":44},"end":{"line":123,"column":5}},"line":121},"10":{"name":"(anonymous_10)","decl":{"start":{"line":124,"column":23},"end":{"line":124,"column":24}},"loc":{"start":{"line":124,"column":34},"end":{"line":126,"column":5}},"line":124},"11":{"name":"(anonymous_11)","decl":{"start":{"line":127,"column":16},"end":{"line":127,"column":17}},"loc":{"start":{"line":127,"column":27},"end":{"line":129,"column":5}},"line":127},"12":{"name":"(anonymous_12)","decl":{"start":{"line":131,"column":26},"end":{"line":131,"column":27}},"loc":{"start":{"line":131,"column":45},"end":{"line":179,"column":5}},"line":131},"13":{"name":"(anonymous_13)","decl":{"start":{"line":135,"column":40},"end":{"line":135,"column":41}},"loc":{"start":{"line":135,"column":52},"end":{"line":158,"column":7}},"line":135},"14":{"name":"(anonymous_14)","decl":{"start":{"line":141,"column":45},"end":{"line":141,"column":46}},"loc":{"start":{"line":141,"column":53},"end":{"line":141,"column":66}},"line":141},"15":{"name":"(anonymous_15)","decl":{"start":{"line":142,"column":49},"end":{"line":142,"column":50}},"loc":{"start":{"line":142,"column":57},"end":{"line":142,"column":70}},"line":142},"16":{"name":"(anonymous_16)","decl":{"start":{"line":166,"column":43},"end":{"line":166,"column":44}},"loc":{"start":{"line":166,"column":51},"end":{"line":166,"column":64}},"line":166},"17":{"name":"(anonymous_17)","decl":{"start":{"line":167,"column":47},"end":{"line":167,"column":48}},"loc":{"start":{"line":167,"column":55},"end":{"line":167,"column":68}},"line":167},"18":{"name":"(anonymous_18)","decl":{"start":{"line":181,"column":27},"end":{"line":181,"column":28}},"loc":{"start":{"line":181,"column":46},"end":{"line":210,"column":5}},"line":181},"19":{"name":"(anonymous_19)","decl":{"start":{"line":185,"column":70},"end":{"line":185,"column":71}},"loc":{"start":{"line":185,"column":83},"end":{"line":208,"column":9}},"line":185},"20":{"name":"(anonymous_20)","decl":{"start":{"line":191,"column":47},"end":{"line":191,"column":48}},"loc":{"start":{"line":191,"column":55},"end":{"line":191,"column":68}},"line":191},"21":{"name":"(anonymous_21)","decl":{"start":{"line":192,"column":51},"end":{"line":192,"column":52}},"loc":{"start":{"line":192,"column":59},"end":{"line":192,"column":72}},"line":192},"22":{"name":"(anonymous_22)","decl":{"start":{"line":212,"column":17},"end":{"line":212,"column":18}},"loc":{"start":{"line":212,"column":30},"end":{"line":317,"column":3}},"line":212},"23":{"name":"(anonymous_23)","decl":{"start":{"line":215,"column":35},"end":{"line":215,"column":36}},"loc":{"start":{"line":215,"column":46},"end":{"line":217,"column":7}},"line":215},"24":{"name":"(anonymous_24)","decl":{"start":{"line":218,"column":37},"end":{"line":218,"column":38}},"loc":{"start":{"line":218,"column":56},"end":{"line":221,"column":7}},"line":218},"25":{"name":"(anonymous_25)","decl":{"start":{"line":222,"column":36},"end":{"line":222,"column":37}},"loc":{"start":{"line":222,"column":55},"end":{"line":225,"column":7}},"line":222},"26":{"name":"(anonymous_26)","decl":{"start":{"line":227,"column":37},"end":{"line":227,"column":38}},"loc":{"start":{"line":227,"column":48},"end":{"line":230,"column":7}},"line":227},"27":{"name":"(anonymous_27)","decl":{"start":{"line":231,"column":39},"end":{"line":231,"column":40}},"loc":{"start":{"line":231,"column":58},"end":{"line":235,"column":7}},"line":231},"28":{"name":"(anonymous_28)","decl":{"start":{"line":236,"column":38},"end":{"line":236,"column":39}},"loc":{"start":{"line":236,"column":57},"end":{"line":239,"column":7}},"line":236},"29":{"name":"(anonymous_29)","decl":{"start":{"line":241,"column":42},"end":{"line":241,"column":43}},"loc":{"start":{"line":241,"column":53},"end":{"line":244,"column":7}},"line":241},"30":{"name":"(anonymous_30)","decl":{"start":{"line":245,"column":44},"end":{"line":245,"column":45}},"loc":{"start":{"line":245,"column":63},"end":{"line":248,"column":7}},"line":245},"31":{"name":"(anonymous_31)","decl":{"start":{"line":249,"column":43},"end":{"line":249,"column":44}},"loc":{"start":{"line":249,"column":62},"end":{"line":252,"column":7}},"line":249},"32":{"name":"(anonymous_32)","decl":{"start":{"line":254,"column":37},"end":{"line":254,"column":38}},"loc":{"start":{"line":254,"column":48},"end":{"line":257,"column":7}},"line":254},"33":{"name":"(anonymous_33)","decl":{"start":{"line":258,"column":39},"end":{"line":258,"column":40}},"loc":{"start":{"line":258,"column":58},"end":{"line":262,"column":7}},"line":258},"34":{"name":"(anonymous_34)","decl":{"start":{"line":263,"column":38},"end":{"line":263,"column":39}},"loc":{"start":{"line":263,"column":57},"end":{"line":266,"column":7}},"line":263},"35":{"name":"(anonymous_35)","decl":{"start":{"line":268,"column":37},"end":{"line":268,"column":38}},"loc":{"start":{"line":268,"column":56},"end":{"line":316,"column":7}},"line":268},"36":{"name":"(anonymous_36)","decl":{"start":{"line":272,"column":42},"end":{"line":272,"column":43}},"loc":{"start":{"line":272,"column":54},"end":{"line":295,"column":9}},"line":272},"37":{"name":"(anonymous_37)","decl":{"start":{"line":278,"column":47},"end":{"line":278,"column":48}},"loc":{"start":{"line":278,"column":55},"end":{"line":278,"column":68}},"line":278},"38":{"name":"(anonymous_38)","decl":{"start":{"line":279,"column":51},"end":{"line":279,"column":52}},"loc":{"start":{"line":279,"column":59},"end":{"line":279,"column":72}},"line":279},"39":{"name":"(anonymous_39)","decl":{"start":{"line":303,"column":45},"end":{"line":303,"column":46}},"loc":{"start":{"line":303,"column":53},"end":{"line":303,"column":66}},"line":303},"40":{"name":"(anonymous_40)","decl":{"start":{"line":304,"column":49},"end":{"line":304,"column":50}},"loc":{"start":{"line":304,"column":57},"end":{"line":304,"column":70}},"line":304}},"branchMap":{"0":{"loc":{"start":{"line":10,"column":27},"end":{"line":10,"column":83}},"type":"binary-expr","locations":[{"start":{"line":10,"column":27},"end":{"line":10,"column":56}},{"start":{"line":10,"column":60},"end":{"line":10,"column":83}}],"line":10},"1":{"loc":{"start":{"line":24,"column":6},"end":{"line":43,"column":null}},"type":"if","locations":[{"start":{"line":24,"column":6},"end":{"line":43,"column":null}},{"start":{},"end":{}}],"line":24},"2":{"loc":{"start":{"line":34,"column":19},"end":{"line":38,"column":13}},"type":"binary-expr","locations":[{"start":{"line":34,"column":19},"end":{"line":34,"column":24}},{"start":{"line":34,"column":28},"end":{"line":38,"column":13}}],"line":34},"3":{"loc":{"start":{"line":50,"column":17},"end":{"line":54,"column":11}},"type":"binary-expr","locations":[{"start":{"line":50,"column":17},"end":{"line":50,"column":22}},{"start":{"line":50,"column":26},"end":{"line":54,"column":11}}],"line":50},"4":{"loc":{"start":{"line":60,"column":29},"end":{"line":60,"column":87}},"type":"binary-expr","locations":[{"start":{"line":60,"column":29},"end":{"line":60,"column":58}},{"start":{"line":60,"column":62},"end":{"line":60,"column":87}}],"line":60},"5":{"loc":{"start":{"line":72,"column":29},"end":{"line":72,"column":93}},"type":"binary-expr","locations":[{"start":{"line":72,"column":29},"end":{"line":72,"column":58}},{"start":{"line":72,"column":62},"end":{"line":72,"column":93}}],"line":72},"6":{"loc":{"start":{"line":79,"column":24},"end":{"line":79,"column":44}},"type":"default-arg","locations":[{"start":{"line":79,"column":35},"end":{"line":79,"column":44}}],"line":79},"7":{"loc":{"start":{"line":84,"column":29},"end":{"line":84,"column":87}},"type":"binary-expr","locations":[{"start":{"line":84,"column":29},"end":{"line":84,"column":58}},{"start":{"line":84,"column":62},"end":{"line":84,"column":87}}],"line":84},"8":{"loc":{"start":{"line":94,"column":6},"end":{"line":96,"column":null}},"type":"if","locations":[{"start":{"line":94,"column":6},"end":{"line":96,"column":null}},{"start":{"line":95,"column":11},"end":{"line":96,"column":null}}],"line":94},"9":{"loc":{"start":{"line":95,"column":11},"end":{"line":96,"column":null}},"type":"if","locations":[{"start":{"line":95,"column":11},"end":{"line":96,"column":null}},{"start":{"line":96,"column":11},"end":{"line":96,"column":null}}],"line":95},"10":{"loc":{"start":{"line":105,"column":29},"end":{"line":105,"column":85}},"type":"binary-expr","locations":[{"start":{"line":105,"column":29},"end":{"line":105,"column":58}},{"start":{"line":105,"column":62},"end":{"line":105,"column":85}}],"line":105},"11":{"loc":{"start":{"line":136,"column":8},"end":{"line":156,"column":null}},"type":"if","locations":[{"start":{"line":136,"column":8},"end":{"line":156,"column":null}},{"start":{},"end":{}}],"line":136},"12":{"loc":{"start":{"line":137,"column":34},"end":{"line":137,"column":56}},"type":"binary-expr","locations":[{"start":{"line":137,"column":34},"end":{"line":137,"column":50}},{"start":{"line":137,"column":54},"end":{"line":137,"column":56}}],"line":137},"13":{"loc":{"start":{"line":138,"column":36},"end":{"line":138,"column":60}},"type":"binary-expr","locations":[{"start":{"line":138,"column":36},"end":{"line":138,"column":54}},{"start":{"line":138,"column":58},"end":{"line":138,"column":60}}],"line":138},"14":{"loc":{"start":{"line":145,"column":10},"end":{"line":149,"column":null}},"type":"if","locations":[{"start":{"line":145,"column":10},"end":{"line":149,"column":null}},{"start":{"line":147,"column":17},"end":{"line":149,"column":null}}],"line":145},"15":{"loc":{"start":{"line":147,"column":17},"end":{"line":149,"column":null}},"type":"if","locations":[{"start":{"line":147,"column":17},"end":{"line":149,"column":null}},{"start":{},"end":{}}],"line":147},"16":{"loc":{"start":{"line":161,"column":6},"end":{"line":178,"column":null}},"type":"if","locations":[{"start":{"line":161,"column":6},"end":{"line":178,"column":null}},{"start":{},"end":{}}],"line":161},"17":{"loc":{"start":{"line":161,"column":10},"end":{"line":161,"column":66}},"type":"binary-expr","locations":[{"start":{"line":161,"column":10},"end":{"line":161,"column":28}},{"start":{"line":161,"column":32},"end":{"line":161,"column":66}}],"line":161},"18":{"loc":{"start":{"line":162,"column":32},"end":{"line":162,"column":66}},"type":"binary-expr","locations":[{"start":{"line":162,"column":32},"end":{"line":162,"column":60}},{"start":{"line":162,"column":64},"end":{"line":162,"column":66}}],"line":162},"19":{"loc":{"start":{"line":163,"column":34},"end":{"line":163,"column":70}},"type":"binary-expr","locations":[{"start":{"line":163,"column":34},"end":{"line":163,"column":64}},{"start":{"line":163,"column":68},"end":{"line":163,"column":70}}],"line":163},"20":{"loc":{"start":{"line":170,"column":8},"end":{"line":174,"column":null}},"type":"if","locations":[{"start":{"line":170,"column":8},"end":{"line":174,"column":null}},{"start":{"line":172,"column":15},"end":{"line":174,"column":null}}],"line":170},"21":{"loc":{"start":{"line":172,"column":15},"end":{"line":174,"column":null}},"type":"if","locations":[{"start":{"line":172,"column":15},"end":{"line":174,"column":null}},{"start":{},"end":{}}],"line":172},"22":{"loc":{"start":{"line":184,"column":6},"end":{"line":209,"column":null}},"type":"if","locations":[{"start":{"line":184,"column":6},"end":{"line":209,"column":null}},{"start":{},"end":{}}],"line":184},"23":{"loc":{"start":{"line":184,"column":10},"end":{"line":184,"column":59}},"type":"binary-expr","locations":[{"start":{"line":184,"column":10},"end":{"line":184,"column":28}},{"start":{"line":184,"column":32},"end":{"line":184,"column":59}}],"line":184},"24":{"loc":{"start":{"line":186,"column":10},"end":{"line":206,"column":null}},"type":"if","locations":[{"start":{"line":186,"column":10},"end":{"line":206,"column":null}},{"start":{},"end":{}}],"line":186},"25":{"loc":{"start":{"line":187,"column":36},"end":{"line":187,"column":59}},"type":"binary-expr","locations":[{"start":{"line":187,"column":36},"end":{"line":187,"column":53}},{"start":{"line":187,"column":57},"end":{"line":187,"column":59}}],"line":187},"26":{"loc":{"start":{"line":188,"column":38},"end":{"line":188,"column":63}},"type":"binary-expr","locations":[{"start":{"line":188,"column":38},"end":{"line":188,"column":57}},{"start":{"line":188,"column":61},"end":{"line":188,"column":63}}],"line":188},"27":{"loc":{"start":{"line":195,"column":12},"end":{"line":199,"column":null}},"type":"if","locations":[{"start":{"line":195,"column":12},"end":{"line":199,"column":null}},{"start":{"line":197,"column":19},"end":{"line":199,"column":null}}],"line":195},"28":{"loc":{"start":{"line":197,"column":19},"end":{"line":199,"column":null}},"type":"if","locations":[{"start":{"line":197,"column":19},"end":{"line":199,"column":null}},{"start":{},"end":{}}],"line":197},"29":{"loc":{"start":{"line":273,"column":10},"end":{"line":293,"column":null}},"type":"if","locations":[{"start":{"line":273,"column":10},"end":{"line":293,"column":null}},{"start":{},"end":{}}],"line":273},"30":{"loc":{"start":{"line":274,"column":36},"end":{"line":274,"column":58}},"type":"binary-expr","locations":[{"start":{"line":274,"column":36},"end":{"line":274,"column":52}},{"start":{"line":274,"column":56},"end":{"line":274,"column":58}}],"line":274},"31":{"loc":{"start":{"line":275,"column":38},"end":{"line":275,"column":62}},"type":"binary-expr","locations":[{"start":{"line":275,"column":38},"end":{"line":275,"column":56}},{"start":{"line":275,"column":60},"end":{"line":275,"column":62}}],"line":275},"32":{"loc":{"start":{"line":282,"column":12},"end":{"line":286,"column":null}},"type":"if","locations":[{"start":{"line":282,"column":12},"end":{"line":286,"column":null}},{"start":{"line":284,"column":19},"end":{"line":286,"column":null}}],"line":282},"33":{"loc":{"start":{"line":284,"column":19},"end":{"line":286,"column":null}},"type":"if","locations":[{"start":{"line":284,"column":19},"end":{"line":286,"column":null}},{"start":{},"end":{}}],"line":284},"34":{"loc":{"start":{"line":298,"column":8},"end":{"line":315,"column":null}},"type":"if","locations":[{"start":{"line":298,"column":8},"end":{"line":315,"column":null}},{"start":{},"end":{}}],"line":298},"35":{"loc":{"start":{"line":298,"column":12},"end":{"line":298,"column":68}},"type":"binary-expr","locations":[{"start":{"line":298,"column":12},"end":{"line":298,"column":30}},{"start":{"line":298,"column":34},"end":{"line":298,"column":68}}],"line":298},"36":{"loc":{"start":{"line":299,"column":34},"end":{"line":299,"column":68}},"type":"binary-expr","locations":[{"start":{"line":299,"column":34},"end":{"line":299,"column":62}},{"start":{"line":299,"column":66},"end":{"line":299,"column":68}}],"line":299},"37":{"loc":{"start":{"line":300,"column":36},"end":{"line":300,"column":72}},"type":"binary-expr","locations":[{"start":{"line":300,"column":36},"end":{"line":300,"column":66}},{"start":{"line":300,"column":70},"end":{"line":300,"column":72}}],"line":300},"38":{"loc":{"start":{"line":307,"column":10},"end":{"line":311,"column":null}},"type":"if","locations":[{"start":{"line":307,"column":10},"end":{"line":311,"column":null}},{"start":{"line":309,"column":17},"end":{"line":311,"column":null}}],"line":307},"39":{"loc":{"start":{"line":309,"column":17},"end":{"line":311,"column":null}},"type":"if","locations":[{"start":{"line":309,"column":17},"end":{"line":311,"column":null}},{"start":{},"end":{}}],"line":309}},"s":{"0":3,"1":1,"2":1,"3":1,"4":0,"5":3,"6":2,"7":2,"8":1,"9":1,"10":1,"11":1,"12":1,"13":1,"14":1,"15":1,"16":1,"17":1,"18":1,"19":0,"20":0,"21":0,"22":0,"23":0,"24":1,"25":3,"26":0,"27":0,"28":0,"29":0,"30":3,"31":0,"32":0,"33":0,"34":0,"35":3,"36":0,"37":0,"38":0,"39":0,"40":0,"41":0,"42":0,"43":0,"44":0,"45":3,"46":0,"47":0,"48":0,"49":2,"50":2,"51":2,"52":2,"53":2,"54":2,"55":1,"56":2,"57":0,"58":2,"59":1,"60":1,"61":0,"62":2,"63":0,"64":2,"65":0,"66":0,"67":0,"68":0,"69":0,"70":0,"71":0,"72":0,"73":0,"74":0,"75":0,"76":0,"77":0,"78":0,"79":0,"80":0,"81":0,"82":0,"83":0,"84":0,"85":0,"86":0,"87":0,"88":0,"89":0,"90":0,"91":0,"92":0,"93":2,"94":1,"95":1,"96":1,"97":0,"98":0,"99":2,"100":2,"101":1,"102":1,"103":1,"104":1,"105":1,"106":0,"107":0,"108":0,"109":0,"110":0,"111":0,"112":0,"113":0,"114":0,"115":0,"116":0,"117":0,"118":0,"119":0,"120":0,"121":0,"122":0,"123":0,"124":0,"125":0,"126":0,"127":0,"128":0,"129":0,"130":0,"131":0,"132":0,"133":0,"134":0,"135":0,"136":0,"137":0,"138":0,"139":0,"140":0,"141":0,"142":0,"143":0,"144":0,"145":0,"146":3},"f":{"0":1,"1":2,"2":1,"3":1,"4":0,"5":0,"6":0,"7":0,"8":0,"9":0,"10":0,"11":0,"12":2,"13":2,"14":1,"15":0,"16":0,"17":0,"18":0,"19":0,"20":0,"21":0,"22":2,"23":1,"24":1,"25":0,"26":2,"27":1,"28":1,"29":0,"30":0,"31":0,"32":0,"33":0,"34":0,"35":0,"36":0,"37":0,"38":0,"39":0,"40":0},"b":{"0":[0,0],"1":[1,0],"2":[1,0],"3":[0,0],"4":[1,0],"5":[0,0],"6":[0],"7":[0,0],"8":[0,0],"9":[0,0],"10":[0,0],"11":[2,0],"12":[2,0],"13":[2,0],"14":[1,1],"15":[0,1],"16":[0,2],"17":[2,0],"18":[0,0],"19":[0,0],"20":[0,0],"21":[0,0],"22":[0,0],"23":[0,0],"24":[0,0],"25":[0,0],"26":[0,0],"27":[0,0],"28":[0,0],"29":[0,0],"30":[0,0],"31":[0,0],"32":[0,0],"33":[0,0],"34":[0,0],"35":[0,0],"36":[0,0],"37":[0,0],"38":[0,0],"39":[0,0]},"meta":{"lastBranch":40,"lastFunction":41,"lastStatement":147,"seen":{"s:5:25:12:Infinity":0,"f:5:65:5:70":0,"s:6:2:11:Infinity":1,"s:7:21:7:Infinity":2,"s:8:4:8:Infinity":3,"s:10:4:10:Infinity":4,"b:10:27:10:56:10:60:10:83":0,"s:14:27:63:Infinity":5,"f:16:2:16:7":1,"s:17:4:61:Infinity":6,"s:19:23:19:Infinity":7,"s:20:22:20:Infinity":8,"s:23:24:23:Infinity":9,"b:24:6:43:Infinity:undefined:undefined:undefined:undefined":1,"s:24:6:43:Infinity":10,"s:25:8:25:Infinity":11,"s:26:29:26:Infinity":12,"s:27:25:27:Infinity":13,"s:30:34:40:Infinity":14,"f:30:46:30:47":2,"s:31:24:31:Infinity":15,"f:31:38:31:39":3,"s:31:48:31:74":16,"s:32:10:39:Infinity":17,"b:34:19:34:24:34:28:38:13":2,"s:42:8:42:Infinity":18,"s:46:32:56:Infinity":19,"f:46:44:46:45":4,"s:47:22:47:Infinity":20,"f:47:33:47:34":5,"s:47:43:47:69":21,"s:48:8:55:Infinity":22,"b:50:17:50:22:50:26:54:11":3,"s:58:6:58:Infinity":23,"s:60:6:60:Infinity":24,"b:60:29:60:58:60:62:60:87":4,"s:65:32:75:Infinity":25,"f:67:2:67:7":6,"s:68:4:73:Infinity":26,"s:69:23:69:Infinity":27,"s:70:6:70:Infinity":28,"s:72:6:72:Infinity":29,"b:72:29:72:58:72:62:72:93":5,"s:77:27:87:Infinity":30,"f:79:2:79:7":7,"b:79:35:79:44":6,"s:80:4:85:Infinity":31,"s:81:23:81:Infinity":32,"s:82:6:82:Infinity":33,"s:84:6:84:Infinity":34,"b:84:29:84:58:84:62:84:87":7,"s:89:25:108:Infinity":35,"f:91:2:91:7":8,"s:92:4:106:Infinity":36,"b:94:6:96:Infinity:95:11:96:Infinity":8,"s:94:6:96:Infinity":37,"s:94:26:94:Infinity":38,"b:95:11:96:Infinity:96:11:96:Infinity":9,"s:95:11:96:Infinity":39,"s:95:32:95:Infinity":40,"s:96:11:96:Infinity":41,"s:98:23:98:Infinity":42,"s:99:6:103:Infinity":43,"s:105:6:105:Infinity":44,"b:105:29:105:58:105:62:105:85":10,"s:110:20:318:Infinity":45,"f:121:25:121:26":9,"s:122:6:122:Infinity":46,"f:124:23:124:24":10,"s:125:6:125:Infinity":47,"f:127:16:127:17":11,"s:128:6:128:Infinity":48,"f:131:26:131:27":12,"s:132:45:132:Infinity":49,"s:135:6:158:Infinity":50,"f:135:40:135:41":13,"b:136:8:156:Infinity:undefined:undefined:undefined:undefined":11,"s:136:8:156:Infinity":51,"s:137:29:137:Infinity":52,"b:137:34:137:50:137:54:137:56":12,"s:138:31:138:Infinity":53,"b:138:36:138:54:138:58:138:60":13,"s:141:10:141:Infinity":54,"f:141:45:141:46":14,"s:141:53:141:66":55,"s:142:10:142:Infinity":56,"f:142:49:142:50":15,"s:142:57:142:70":57,"b:145:10:149:Infinity:147:17:149:Infinity":14,"s:145:10:149:Infinity":58,"s:146:12:146:Infinity":59,"b:147:17:149:Infinity:undefined:undefined:undefined:undefined":15,"s:147:17:149:Infinity":60,"s:148:12:148:Infinity":61,"s:151:10:155:Infinity":62,"s:157:8:157:Infinity":63,"b:161:6:178:Infinity:undefined:undefined:undefined:undefined":16,"s:161:6:178:Infinity":64,"b:161:10:161:28:161:32:161:66":17,"s:162:27:162:Infinity":65,"b:162:32:162:60:162:64:162:66":18,"s:163:29:163:Infinity":66,"b:163:34:163:64:163:68:163:70":19,"s:166:8:166:Infinity":67,"f:166:43:166:44":16,"s:166:51:166:64":68,"s:167:8:167:Infinity":69,"f:167:47:167:48":17,"s:167:55:167:68":70,"b:170:8:174:Infinity:172:15:174:Infinity":20,"s:170:8:174:Infinity":71,"s:171:10:171:Infinity":72,"b:172:15:174:Infinity:undefined:undefined:undefined:undefined":21,"s:172:15:174:Infinity":73,"s:173:10:173:Infinity":74,"s:176:8:176:Infinity":75,"s:177:8:177:Infinity":76,"f:181:27:181:28":18,"s:182:46:182:Infinity":77,"b:184:6:209:Infinity:undefined:undefined:undefined:undefined":22,"s:184:6:209:Infinity":78,"b:184:10:184:28:184:32:184:59":23,"s:185:8:208:Infinity":79,"f:185:70:185:71":19,"b:186:10:206:Infinity:undefined:undefined:undefined:undefined":24,"s:186:10:206:Infinity":80,"s:187:31:187:Infinity":81,"b:187:36:187:53:187:57:187:59":25,"s:188:33:188:Infinity":82,"b:188:38:188:57:188:61:188:63":26,"s:191:12:191:Infinity":83,"f:191:47:191:48":20,"s:191:55:191:68":84,"s:192:12:192:Infinity":85,"f:192:51:192:52":21,"s:192:59:192:72":86,"b:195:12:199:Infinity:197:19:199:Infinity":27,"s:195:12:199:Infinity":87,"s:196:14:196:Infinity":88,"b:197:19:199:Infinity:undefined:undefined:undefined:undefined":28,"s:197:19:199:Infinity":89,"s:198:14:198:Infinity":90,"s:201:12:205:Infinity":91,"s:207:10:207:Infinity":92,"f:212:17:212:18":22,"s:213:4:316:Infinity":93,"f:215:35:215:36":23,"s:216:8:216:Infinity":94,"f:218:37:218:38":24,"s:219:8:219:Infinity":95,"s:220:8:220:Infinity":96,"f:222:36:222:37":25,"s:223:8:223:Infinity":97,"s:224:8:224:Infinity":98,"f:227:37:227:38":26,"s:228:8:228:Infinity":99,"s:229:8:229:Infinity":100,"f:231:39:231:40":27,"s:232:8:232:Infinity":101,"s:233:8:233:Infinity":102,"s:234:8:234:Infinity":103,"f:236:38:236:39":28,"s:237:8:237:Infinity":104,"s:238:8:238:Infinity":105,"f:241:42:241:43":29,"s:242:8:242:Infinity":106,"s:243:8:243:Infinity":107,"f:245:44:245:45":30,"s:246:8:246:Infinity":108,"s:247:8:247:Infinity":109,"f:249:43:249:44":31,"s:250:8:250:Infinity":110,"s:251:8:251:Infinity":111,"f:254:37:254:38":32,"s:255:8:255:Infinity":112,"s:256:8:256:Infinity":113,"f:258:39:258:40":33,"s:259:8:259:Infinity":114,"s:261:8:261:Infinity":115,"f:263:38:263:39":34,"s:264:8:264:Infinity":116,"s:265:8:265:Infinity":117,"f:268:37:268:38":35,"s:269:47:269:Infinity":118,"s:272:8:295:Infinity":119,"f:272:42:272:43":36,"b:273:10:293:Infinity:undefined:undefined:undefined:undefined":29,"s:273:10:293:Infinity":120,"s:274:31:274:Infinity":121,"b:274:36:274:52:274:56:274:58":30,"s:275:33:275:Infinity":122,"b:275:38:275:56:275:60:275:62":31,"s:278:12:278:Infinity":123,"f:278:47:278:48":37,"s:278:55:278:68":124,"s:279:12:279:Infinity":125,"f:279:51:279:52":38,"s:279:59:279:72":126,"b:282:12:286:Infinity:284:19:286:Infinity":32,"s:282:12:286:Infinity":127,"s:283:14:283:Infinity":128,"b:284:19:286:Infinity:undefined:undefined:undefined:undefined":33,"s:284:19:286:Infinity":129,"s:285:14:285:Infinity":130,"s:288:12:292:Infinity":131,"s:294:10:294:Infinity":132,"b:298:8:315:Infinity:undefined:undefined:undefined:undefined":34,"s:298:8:315:Infinity":133,"b:298:12:298:30:298:34:298:68":35,"s:299:29:299:Infinity":134,"b:299:34:299:62:299:66:299:68":36,"s:300:31:300:Infinity":135,"b:300:36:300:66:300:70:300:72":37,"s:303:10:303:Infinity":136,"f:303:45:303:46":39,"s:303:53:303:66":137,"s:304:10:304:Infinity":138,"f:304:49:304:50":40,"s:304:57:304:70":139,"b:307:10:311:Infinity:309:17:311:Infinity":38,"s:307:10:311:Infinity":140,"s:308:12:308:Infinity":141,"b:309:17:311:Infinity:undefined:undefined:undefined:undefined":39,"s:309:17:311:Infinity":142,"s:310:12:310:Infinity":143,"s:313:10:313:Infinity":144,"s:314:10:314:Infinity":145,"s:326:4:326:Infinity":146}}}
,"D:\\asah\\Menjadi React Web Developer Expert\\project-subsmission\\src\\utils\\api.js": {"path":"D:\\asah\\Menjadi React Web Developer Expert\\project-subsmission\\src\\utils\\api.js","statementMap":{"0":{"start":{"line":3,"column":17},"end":{"line":3,"column":null}},"1":{"start":{"line":5,"column":12},"end":{"line":8,"column":null}},"2":{"start":{"line":10,"column":0},"end":{"line":16,"column":null}},"3":{"start":{"line":11,"column":16},"end":{"line":11,"column":null}},"4":{"start":{"line":12,"column":2},"end":{"line":14,"column":null}},"5":{"start":{"line":13,"column":4},"end":{"line":13,"column":null}},"6":{"start":{"line":15,"column":2},"end":{"line":15,"column":null}},"7":{"start":{"line":18,"column":0},"end":{"line":30,"column":null}},"8":{"start":{"line":19,"column":16},"end":{"line":19,"column":24}},"9":{"start":{"line":21,"column":4},"end":{"line":27,"column":null}},"10":{"start":{"line":22,"column":6},"end":{"line":22,"column":null}},"11":{"start":{"line":24,"column":6},"end":{"line":26,"column":null}},"12":{"start":{"line":25,"column":8},"end":{"line":25,"column":null}},"13":{"start":{"line":28,"column":4},"end":{"line":28,"column":null}}},"fnMap":{"0":{"name":"(anonymous_0)","decl":{"start":{"line":10,"column":29},"end":{"line":10,"column":30}},"loc":{"start":{"line":10,"column":41},"end":{"line":16,"column":1}},"line":10},"1":{"name":"(anonymous_1)","decl":{"start":{"line":19,"column":2},"end":{"line":19,"column":3}},"loc":{"start":{"line":19,"column":16},"end":{"line":19,"column":24}},"line":19},"2":{"name":"(anonymous_2)","decl":{"start":{"line":20,"column":2},"end":{"line":20,"column":3}},"loc":{"start":{"line":20,"column":13},"end":{"line":29,"column":null}},"line":20}},"branchMap":{"0":{"loc":{"start":{"line":12,"column":2},"end":{"line":14,"column":null}},"type":"if","locations":[{"start":{"line":12,"column":2},"end":{"line":14,"column":null}},{"start":{},"end":{}}],"line":12},"1":{"loc":{"start":{"line":21,"column":4},"end":{"line":27,"column":null}},"type":"if","locations":[{"start":{"line":21,"column":4},"end":{"line":27,"column":null}},{"start":{},"end":{}}],"line":21},"2":{"loc":{"start":{"line":24,"column":6},"end":{"line":26,"column":null}},"type":"if","locations":[{"start":{"line":24,"column":6},"end":{"line":26,"column":null}},{"start":{},"end":{}}],"line":24}},"s":{"0":4,"1":4,"2":4,"3":0,"4":0,"5":0,"6":0,"7":4,"8":0,"9":0,"10":0,"11":0,"12":0,"13":0},"f":{"0":0,"1":0,"2":0},"b":{"0":[0,0],"1":[0,0],"2":[0,0]},"meta":{"lastBranch":3,"lastFunction":3,"lastStatement":14,"seen":{"s:3:17:3:Infinity":0,"s:5:12:8:Infinity":1,"s:10:0:16:Infinity":2,"f:10:29:10:30":0,"s:11:16:11:Infinity":3,"b:12:2:14:Infinity:undefined:undefined:undefined:undefined":0,"s:12:2:14:Infinity":4,"s:13:4:13:Infinity":5,"s:15:2:15:Infinity":6,"s:18:0:30:Infinity":7,"f:19:2:19:3":1,"s:19:16:19:24":8,"f:20:2:20:3":2,"b:21:4:27:Infinity:undefined:undefined:undefined:undefined":1,"s:21:4:27:Infinity":9,"s:22:6:22:Infinity":10,"b:24:6:26:Infinity:undefined:undefined:undefined:undefined":2,"s:24:6:26:Infinity":11,"s:25:8:25:Infinity":12,"s:28:4:28:Infinity":13}}}
}
